  Button.cpp
c:\users\yonayaniv\desktop\shitot\shitot\shitot\button.cpp(27): warning C4267: '=': conversion from 'size_t' to 'short', possible loss of data
  ComboBox.cpp
c:\users\yonayaniv\desktop\shitot\shitot\shitot\combobox.cpp(27): warning C4018: '>': signed/unsigned mismatch
c:\users\yonayaniv\desktop\shitot\shitot\shitot\combobox.cpp(36): warning C4267: '-=': conversion from 'size_t' to 'short', possible loss of data
c:\users\yonayaniv\desktop\shitot\shitot\shitot\combobox.cpp(43): warning C4018: '<': signed/unsigned mismatch
c:\users\yonayaniv\desktop\shitot\shitot\shitot\combobox.cpp(50): warning C4018: '<': signed/unsigned mismatch
c:\users\yonayaniv\desktop\shitot\shitot\shitot\combobox.cpp(53): warning C4267: '+=': conversion from 'size_t' to 'short', possible loss of data
c:\users\yonayaniv\desktop\shitot\shitot\shitot\combobox.cpp(76): warning C4018: '<': signed/unsigned mismatch
c:\users\yonayaniv\desktop\shitot\shitot\shitot\combobox.cpp(88): warning C4101: 'item_button_ptr': unreferenced local variable
c:\users\yonayaniv\desktop\shitot\shitot\shitot\combobox.cpp(128): warning C4018: '<': signed/unsigned mismatch
  Control.cpp
  EventEngine.cpp
  Graphics.cpp
c:\users\yonayaniv\desktop\shitot\shitot\shitot\graphics.cpp(94): warning C4244: 'argument': conversion from 'DWORD' to 'WORD', possible loss of data
  Label.cpp
c:\users\yonayaniv\desktop\shitot\shitot\shitot\label.cpp(24): warning C4267: '=': conversion from 'size_t' to 'short', possible loss of data
  NumericBox.cpp
c:\users\yonayaniv\desktop\shitot\shitot\shitot\numericbox.cpp(10): warning C4267: '=': conversion from 'size_t' to 'short', possible loss of data
  Panel.cpp
  ListComp.cpp
c:\users\yonayaniv\desktop\shitot\shitot\shitot\listcomp.cpp(23): warning C4267: 'argument': conversion from 'size_t' to 'short', possible loss of data
c:\users\yonayaniv\desktop\shitot\shitot\shitot\listcomp.cpp(142): warning C4018: '>': signed/unsigned mismatch
c:\users\yonayaniv\desktop\shitot\shitot\shitot\listcomp.cpp(178): warning C4018: '>': signed/unsigned mismatch
  RadioBox.cpp
  Source.cpp
  TextBox.cpp
c:\users\yonayaniv\desktop\shitot\shitot\shitot\textbox.cpp(36): warning C4267: '=': conversion from 'size_t' to 'short', possible loss of data
c:\users\yonayaniv\desktop\shitot\shitot\shitot\textbox.cpp(43): warning C4244: '=': conversion from 'double' to 'short', possible loss of data
c:\users\yonayaniv\desktop\shitot\shitot\shitot\textbox.cpp(214): warning C4018: '<': signed/unsigned mismatch
c:\users\yonayaniv\desktop\shitot\shitot\shitot\textbox.cpp(255): warning C4018: '>': signed/unsigned mismatch
c:\users\yonayaniv\desktop\shitot\shitot\shitot\textbox.cpp(266): warning C4018: '<': signed/unsigned mismatch
  Generating Code...
  shitot.vcxproj -> C:\Users\YonaYaniv\Desktop\shitot\shitot\Debug\shitot.exe
